Start testing: Apr 03 16:25 BST
----------------------------------------------------------
1/1 Testing: TestFunctionality
1/1 Test: TestFunctionality
Command: "/home/pi/Glassify/Testing_Camera/build/test/test_functionality"
Directory: /home/pi/Glassify/Testing_Camera/build/test
"TestFunctionality" start time: Apr 03 16:25 BST
Output:
----------------------------------------------------------
Mat object resulting from camera capture empty!
<end of output>
Test time =   0.29 sec
----------------------------------------------------------
Test Failed.
"TestFunctionality" end time: Apr 03 16:25 BST
"TestFunctionality" time elapsed: 00:00:00
----------------------------------------------------------

End testing: Apr 03 16:25 BST
